{
  "0 debug pnpm:scope": {
    "selected": 1
  },
  "1 debug pnpm:package-manifest": {
    "initial": {
      "name": "nestjs-backend-typeorm",
      "version": "0.0.1",
      "description": "",
      "author": "",
      "private": true,
      "license": "UNLICENSED",
      "scripts": {
        "prebuild": "rimraf dist",
        "build": "nest build",
        "format": "prettier --write \"src/**/*.ts\" \"test/**/*.ts\"",
        "start": "nest start",
        "start:dev": "nest start --watch",
        "start:debug": "nest start --debug --watch",
        "start:prod": "node dist/main",
        "lint": "eslint \"{src,apps,libs,test}/**/*.ts\" --fix",
        "test": "jest",
        "test:watch": "jest --watch",
        "test:cov": "jest --coverage",
        "test:debug": "node --inspect-brk -r tsconfig-paths/register -r ts-node/register node_modules/.bin/jest --runInBand",
        "test:e2e": "jest --config ./test/jest-e2e.json"
      },
      "dependencies": {
        "@nestjs/common": "^8.0.0",
        "@nestjs/core": "^8.0.0",
        "@nestjs/platform-express": "^8.0.0",
        "reflect-metadata": "^0.1.13",
        "rimraf": "^3.0.2",
        "rxjs": "^7.2.0"
      },
      "devDependencies": {
        "@nestjs/cli": "^8.0.0",
        "@nestjs/schematics": "^8.0.0",
        "@nestjs/testing": "^8.0.0",
        "@types/express": "^4.17.13",
        "@types/jest": "27.5.0",
        "@types/node": "^16.0.0",
        "@types/supertest": "^2.0.11",
        "@typescript-eslint/eslint-plugin": "^5.0.0",
        "@typescript-eslint/parser": "^5.0.0",
        "eslint": "^8.0.1",
        "eslint-config-prettier": "^8.3.0",
        "eslint-plugin-prettier": "^4.0.0",
        "jest": "28.0.3",
        "prettier": "^2.3.2",
        "source-map-support": "^0.5.20",
        "supertest": "^6.1.3",
        "ts-jest": "28.0.1",
        "ts-loader": "^9.2.3",
        "ts-node": "^10.0.0",
        "tsconfig-paths": "4.0.0",
        "typescript": "^4.3.5"
      },
      "jest": {
        "moduleFileExtensions": [
          "js",
          "json",
          "ts"
        ],
        "rootDir": "src",
        "testRegex": ".*\\.spec\\.ts$",
        "transform": {
          "^.+\\.(t|j)s$": "ts-jest"
        },
        "collectCoverageFrom": [
          "**/*.(t|j)s"
        ],
        "coverageDirectory": "../coverage",
        "testEnvironment": "node"
      }
    },
    "prefix": "/home/fabo/programas/nodejs/template-cli/templates/nestjs-backend-typeorm"
  },
  "2 debug pnpm:context": {
    "currentLockfileExists": false,
    "storeDir": "/home/fabo/.local/share/pnpm/store/v3",
    "virtualStoreDir": "/home/fabo/programas/nodejs/template-cli/templates/nestjs-backend-typeorm/node_modules/.pnpm"
  },
  "3 debug pnpm:stage": {
    "prefix": "/home/fabo/programas/nodejs/template-cli/templates/nestjs-backend-typeorm",
    "stage": "resolution_started"
  },
  "4 debug pnpm:_dependency_resolved": {
    "resolution": "registry.npmjs.org/@types/jest/27.5.0",
    "wanted": {
      "dependentId": ".",
      "name": "@types/jest",
      "rawSpec": "27.5.0"
    }
  },
  "5 debug pnpm:progress": {
    "packageId": "registry.npmjs.org/@types/jest/27.5.0",
    "requester": "/home/fabo/programas/nodejs/template-cli/templates/nestjs-backend-typeorm",
    "status": "resolved"
  },
  "6 debug pnpm:_dependency_resolved": {
    "resolution": "registry.npmjs.org/jest/28.0.3",
    "wanted": {
      "dependentId": ".",
      "name": "jest",
      "rawSpec": "28.0.3"
    }
  },
  "7 debug pnpm:progress": {
    "packageId": "registry.npmjs.org/jest/28.0.3",
    "requester": "/home/fabo/programas/nodejs/template-cli/templates/nestjs-backend-typeorm",
    "status": "resolved"
  },
  "8 debug pnpm:progress": {
    "packageId": "registry.npmjs.org/@types/jest/27.5.0",
    "requester": "/home/fabo/programas/nodejs/template-cli/templates/nestjs-backend-typeorm",
    "status": "found_in_store"
  },
  "9 debug pnpm:progress": {
    "packageId": "registry.npmjs.org/jest/28.0.3",
    "requester": "/home/fabo/programas/nodejs/template-cli/templates/nestjs-backend-typeorm",
    "status": "found_in_store"
  },
  "10 debug pnpm:_dependency_resolved": {
    "resolution": "registry.npmjs.org/eslint-plugin-prettier/4.2.1",
    "wanted": {
      "dependentId": ".",
      "name": "eslint-plugin-prettier",
      "rawSpec": "^4.0.0"
    }
  },
  "11 debug pnpm:progress": {
    "packageId": "registry.npmjs.org/eslint-plugin-prettier/4.2.1",
    "requester": "/home/fabo/programas/nodejs/template-cli/templates/nestjs-backend-typeorm",
    "status": "resolved"
  },
  "12 error pnpm": {
    "code": "ERR_PNPM_FETCH_404",
    "hint": "mysql12 is not in the npm registry, or you have no permission to fetch it.\n\nNo authorization header was set for the request.",
    "request": {
      "url": "https://registry.npmjs.org/mysql12"
    },
    "response": {
      "size": 0
    },
    "pkgName": "mysql12",
    "spec": {
      "fetchSpec": "latest",
      "name": "mysql12",
      "type": "tag"
    },
    "pkgsStack": [],
    "err": {
      "name": "pnpm",
      "message": "GET https://registry.npmjs.org/mysql12: Not Found - 404",
      "code": "ERR_PNPM_FETCH_404",
      "stack": "pnpm: GET https://registry.npmjs.org/mysql12: Not Found - 404\n    at RetryOperation._fn (/snapshot/dist/pnpm.cjs)\n    at processTicksAndRejections (internal/process/task_queues.js:95:5)"
    }
  }
}